0000000000010000
0000000000000000
0000000100000000
0000000000000000
0000000000000000
0000000000000000
0000000000000000
0000000000000000
0000000000000000
0000000000000000
0000000000000000
0000000000000000
0000000000000000
0000000000000000
0000000000000000
0000000000000000
1101010010000000
0000000000001010
1101010000000000
0000000000000000
1101010001000000
0000000001010000
1101010011000000
0000000000100000
1101010100000000
0000000000000010
0100001011000000
0000000000000000
0000000000000000
0000000000000000
0000000000000000
0000000000000000
1000011101000010
0100000001000000
1000001100100100
0000100100000000
0000010000000000
0100001011000000
0000000000000000
0000000000000000
0000000000000000
0000000000000000
0000000000000000
0000000000000000
0000000000000000
0000000000000000
0000000000000000
0000000000000000
0000000000000000
0000000000000000
0000000000000000
0000000000000000
0000000000000000
0000000000000000
0000000000000000
0000000000000000
0000000000000000
0000000000000000
0000000000000000
0000000000000000
0000000000000000
0000000000000000
0000000000000000
0000000000000000
0000000000000000
0000000000000000
0000000000000000
0000000000000000
0000000000000000
0000000000000000
0000000000000000
0000000000000000
0000000000000000
0000000000000000
0000000000000000
0000000000000000
0000000000000000
0000000000000000
0000000000000000
0000000000000000
1101010000000000
0000000000000000
1101010010000000
0000000000001000
1101010011000000
0000000001100000
1101010100000000
0000000000000011
0100001011000000
0000000000000000
0000000000000000
0000000000000000
0000000000000000
0000000000000000
0000000000000000
0000000000000000
1000001100100100
0000100100000000
0000010000000000
1000100101000010
0100000011000000
0000010100000000
0000100100000000
