0000000000010000
0000000000000000
0000000100000000
0000000000000000
0000000000000000
0000000000000000
0000000000000000
0000000000000000
0000000000000000
0000000000000000
0000000000000000
0000000000000000
0000000000000000
0000000000000000
0000000000000000
0000000000000000
0000101010000000
0000101011000000
0000101100000000
1101010001000000
0000000011110101
1100000001000000
1100000010000000
1100001001000000
1100001010000000
1110110010000000
0000001000000000
1110110001000000
0000001000000010
1110101011000000
0000001000000010
1110101100000000
0000001000000000
