0000000000010000
0000000000000000
0000000100000000
0000000000000000
0000000000000000
0000000000000000
0000000000000000
0000000000000000
0000000000000000
0000000000000000
0000000000000000
0000000000000000
0000000000000000
0000000000000000
0000000000000000
0000000000000000
0000101001000000
0000101010000000
0000101011000000
0000101100000000
1001101101011000
0000000000000010
1000001100001100
1000011110101100
1000100110111110
1000010001010001
1001110000010000
0000000000000010
1001111000010000
0000000000000011
1000000101010000
1000001010101010
